<?xml version="1.0" encoding="UTF-8"?>
<!-- Generated by org.testng.reporters.JUnitXMLReporter -->
<testsuite ignored="0" hostname="WorkPC" failures="1" tests="2" name="Test" time="3.967" errors="0" timestamp="2021-07-13T21:00:25 IST">
  <testcase classname="RestGrab.PostApi" name="PostRequest" time="1.465">
    <failure type="javax.xml.bind.MarshalException">
      <![CDATA[javax.xml.bind.MarshalException
 - with linked exception:
[com.sun.istack.SAXException2: unable to marshal type "org.json.simple.JSONObject" as an element because it is missing an @XmlRootElement annotation]
at com.sun.xml.bind.v2.runtime.MarshallerImpl.write(MarshallerImpl.java:301)
at com.sun.xml.bind.v2.runtime.MarshallerImpl.marshal(MarshallerImpl.java:226)
at javax.xml.bind.helpers.AbstractMarshallerImpl.marshal(AbstractMarshallerImpl.java:101)
at javax.xml.bind.Marshaller$marshal$0.call(Unknown Source)
at org.codehaus.groovy.runtime.callsite.CallSiteArray.defaultCall(CallSiteArray.java:47)
at org.codehaus.groovy.runtime.callsite.AbstractCallSite.call(AbstractCallSite.java:125)
at org.codehaus.groovy.runtime.callsite.AbstractCallSite.call(AbstractCallSite.java:148)
at io.restassured.internal.mapping.JaxbMapper.serialize(JaxbMapper.groovy:52)
at io.restassured.mapper.ObjectMapper$serialize.call(Unknown Source)
at org.codehaus.groovy.runtime.callsite.CallSiteArray.defaultCall(CallSiteArray.java:47)
at org.codehaus.groovy.runtime.callsite.AbstractCallSite.call(AbstractCallSite.java:125)
at org.codehaus.groovy.runtime.callsite.AbstractCallSite.call(AbstractCallSite.java:139)
at io.restassured.internal.mapping.ObjectMapping.serializeWithJaxb(ObjectMapping.groovy:214)
at org.codehaus.groovy.runtime.callsite.StaticMetaMethodSite$StaticMetaMethodSiteNoUnwrapNoCoerce.invoke(StaticMetaMethodSite.java:149)
at org.codehaus.groovy.runtime.callsite.StaticMetaMethodSite.callStatic(StaticMetaMethodSite.java:100)
at org.codehaus.groovy.runtime.callsite.CallSiteArray.defaultCallStatic(CallSiteArray.java:55)
at org.codehaus.groovy.runtime.callsite.AbstractCallSite.callStatic(AbstractCallSite.java:217)
at org.codehaus.groovy.runtime.callsite.AbstractCallSite.callStatic(AbstractCallSite.java:240)
at io.restassured.internal.mapping.ObjectMapping.serialize(ObjectMapping.groovy:139)
at io.restassured.internal.mapping.ObjectMapping$serialize.call(Unknown Source)
at org.codehaus.groovy.runtime.callsite.CallSiteArray.defaultCall(CallSiteArray.java:47)
at org.codehaus.groovy.runtime.callsite.AbstractCallSite.call(AbstractCallSite.java:125)
at io.restassured.internal.RequestSpecificationImpl.body(RequestSpecificationImpl.groovy:751)
at RestGrab.PostApi.PostRequest(PostApi.java:25)
at java.base/java.util.ArrayList.forEach(ArrayList.java:1511)
Caused by: com.sun.istack.SAXException2: unable to marshal type "org.json.simple.JSONObject" as an element because it is missing an @XmlRootElement annotation
at com.sun.xml.bind.v2.runtime.XMLSerializer.reportError(XMLSerializer.java:219)
at com.sun.xml.bind.v2.runtime.ClassBeanInfoImpl.serializeRoot(ClassBeanInfoImpl.java:307)
at com.sun.xml.bind.v2.runtime.XMLSerializer.childAsRoot(XMLSerializer.java:464)
at com.sun.xml.bind.v2.runtime.MarshallerImpl.write(MarshallerImpl.java:298)
... 56 more
... Removed 32 stack frames]]>
    </failure>
  </testcase> <!-- PostRequest -->
  <testcase classname="RestGrab.ProjectApi" name="GetRestAssuredResponse" time="2.438"/>
</testsuite> <!-- Test -->
